Determining if the pthread_create exist failed with the following output:
Change Dir: /home/robin/Fahrdynamik_Identifikation/build/CMakeFiles/CMakeTmp

Run Build Command:/usr/bin/make "cmTryCompileExec3102885201/fast"
/usr/bin/make -f CMakeFiles/cmTryCompileExec3102885201.dir/build.make CMakeFiles/cmTryCompileExec3102885201.dir/build
make[1]: Entering directory `/home/robin/Fahrdynamik_Identifikation/build/CMakeFiles/CMakeTmp'
/usr/bin/cmake -E cmake_progress_report /home/robin/Fahrdynamik_Identifikation/build/CMakeFiles/CMakeTmp/CMakeFiles 1
Building C object CMakeFiles/cmTryCompileExec3102885201.dir/CheckSymbolExists.c.o
/usr/bin/cc    -o CMakeFiles/cmTryCompileExec3102885201.dir/CheckSymbolExists.c.o   -c /home/robin/Fahrdynamik_Identifikation/build/CMakeFiles/CMakeTmp/CheckSymbolExists.c
Linking C executable cmTryCompileExec3102885201
/usr/bin/cmake -E cmake_link_script CMakeFiles/cmTryCompileExec3102885201.dir/link.txt --verbose=1
/usr/bin/cc       CMakeFiles/cmTryCompileExec3102885201.dir/CheckSymbolExists.c.o  -o cmTryCompileExec3102885201 -rdynamic 
CMakeFiles/cmTryCompileExec3102885201.dir/CheckSymbolExists.c.o: In function `main':
CheckSymbolExists.c:(.text+0x16): undefined reference to `pthread_create'
collect2: error: ld returned 1 exit status
make[1]: *** [cmTryCompileExec3102885201] Error 1
make[1]: Leaving directory `/home/robin/Fahrdynamik_Identifikation/build/CMakeFiles/CMakeTmp'
make: *** [cmTryCompileExec3102885201/fast] Error 2

File /home/robin/Fahrdynamik_Identifikation/build/CMakeFiles/CMakeTmp/CheckSymbolExists.c:
/* */
#include <pthread.h>

int main(int argc, char** argv)
{
  (void)argv;
#ifndef pthread_create
  return ((int*)(&pthread_create))[argc];
#else
  (void)argc;
  return 0;
#endif
}

Determining if the function pthread_create exists in the pthreads failed with the following output:
Change Dir: /home/robin/Fahrdynamik_Identifikation/build/CMakeFiles/CMakeTmp

Run Build Command:/usr/bin/make "cmTryCompileExec3004269710/fast"
/usr/bin/make -f CMakeFiles/cmTryCompileExec3004269710.dir/build.make CMakeFiles/cmTryCompileExec3004269710.dir/build
make[1]: Entering directory `/home/robin/Fahrdynamik_Identifikation/build/CMakeFiles/CMakeTmp'
/usr/bin/cmake -E cmake_progress_report /home/robin/Fahrdynamik_Identifikation/build/CMakeFiles/CMakeTmp/CMakeFiles 1
Building C object CMakeFiles/cmTryCompileExec3004269710.dir/CheckFunctionExists.c.o
/usr/bin/cc   -DCHECK_FUNCTION_EXISTS=pthread_create   -o CMakeFiles/cmTryCompileExec3004269710.dir/CheckFunctionExists.c.o   -c /usr/share/cmake-2.8/Modules/CheckFunctionExists.c
Linking C executable cmTryCompileExec3004269710
/usr/bin/cmake -E cmake_link_script CMakeFiles/cmTryCompileExec3004269710.dir/link.txt --verbose=1
/usr/bin/cc   -DCHECK_FUNCTION_EXISTS=pthread_create    CMakeFiles/cmTryCompileExec3004269710.dir/CheckFunctionExists.c.o  -o cmTryCompileExec3004269710 -rdynamic -lpthreads 
/usr/bin/ld: cannot find -lpthreads
collect2: error: ld returned 1 exit status
make[1]: *** [cmTryCompileExec3004269710] Error 1
make[1]: Leaving directory `/home/robin/Fahrdynamik_Identifikation/build/CMakeFiles/CMakeTmp'
make: *** [cmTryCompileExec3004269710/fast] Error 2


